2021-06-29 12:43:49.897 DEBUG selector_events - __init__: Using selector: EpollSelector
2021-06-29 12:43:49.906 INFO server - serve: Started server process [2960]
2021-06-29 12:43:49.906 INFO on - startup: Waiting for application startup.
2021-06-29 12:43:49.907 INFO on - startup: Application startup complete.
2021-06-29 12:43:49.907 INFO server - _log_started_message: Uvicorn running on http://0.0.0.0:5002 (Press CTRL+C to quit)
2021-06-29 12:43:58.088 DEBUG multipart - callback: Calling on_part_begin with no data
2021-06-29 12:43:58.089 DEBUG multipart - callback: Calling on_header_field with data[54:73]
2021-06-29 12:43:58.089 DEBUG multipart - callback: Calling on_header_value with data[75:149]
2021-06-29 12:43:58.089 DEBUG multipart - callback: Calling on_header_end with no data
2021-06-29 12:43:58.089 DEBUG multipart - callback: Calling on_header_field with data[151:163]
2021-06-29 12:43:58.089 DEBUG multipart - callback: Calling on_header_value with data[165:174]
2021-06-29 12:43:58.090 DEBUG multipart - callback: Calling on_header_end with no data
2021-06-29 12:43:58.090 DEBUG multipart - callback: Calling on_headers_finished with no data
2021-06-29 12:43:58.090 DEBUG multipart - callback: Calling on_part_data with data[178:13977]
2021-06-29 12:43:58.091 DEBUG multipart - callback: Calling on_part_data with data[0:8516]
2021-06-29 12:43:58.091 DEBUG multipart - callback: Calling on_part_end with no data
2021-06-29 12:43:58.091 DEBUG multipart - callback: Calling on_end with no data
2021-06-29 12:43:58.092 INFO service - predict_binary: predict_binary
2021-06-29 12:44:01.403 ERROR service - predict_binary: local variable 'test_speed' referenced before assignment
2021-06-29 12:44:01.403 ERROR service - predict_binary: None
2021-06-29 12:44:25.394 INFO server - shutdown: Shutting down
2021-06-29 12:44:25.495 INFO on - shutdown: Waiting for application shutdown.
2021-06-29 12:44:25.496 INFO on - shutdown: Application shutdown complete.
2021-06-29 12:44:25.496 INFO server - serve: Finished server process [2960]
